Analysis & Elaboration report for TareaFunda
Sat Sep 30 19:24:57 2023
Quartus Prime Version 22.1std.1 Build 917 02/14/2023 SC Lite Edition


---------------------
; Table of Contents ;
---------------------
  1. Legal Notice
  2. Analysis & Elaboration Summary
  3. Parallel Compilation
  4. Analysis & Elaboration Settings
  5. Port Connectivity Checks: "Segment_F:segment_F_inst|not_gate:not_B_inst"
  6. Port Connectivity Checks: "Segment_E:segment_E_inst|not_gate:not_C_inst"
  7. Port Connectivity Checks: "Segment_D:segment_D_inst|not_gate:not_B_inst"
  8. Port Connectivity Checks: "Segment_C:segment_C_inst|not_gate:not_A_inst"
  9. Analysis & Elaboration Messages



----------------
; Legal Notice ;
----------------
Copyright (C) 2023  Intel Corporation. All rights reserved.
Your use of Intel Corporation's design tools, logic functions 
and other software and tools, and any partner logic 
functions, and any output files from any of the foregoing 
(including device programming or simulation files), and any 
associated documentation or information are expressly subject 
to the terms and conditions of the Intel Program License 
Subscription Agreement, the Intel Quartus Prime License Agreement,
the Intel FPGA IP License Agreement, or other applicable license
agreement, including, without limitation, that your use is for
the sole purpose of programming logic devices manufactured by
Intel and sold by Intel or its authorized distributors.  Please
refer to the applicable agreement for further details, at
https://fpgasoftware.intel.com/eula.



+--------------------------------------------------------------------------------+
; Analysis & Elaboration Summary                                                 ;
+-------------------------------+------------------------------------------------+
; Analysis & Elaboration Status ; Successful - Sat Sep 30 19:24:57 2023          ;
; Quartus Prime Version         ; 22.1std.1 Build 917 02/14/2023 SC Lite Edition ;
; Revision Name                 ; TareaFunda                                     ;
; Top-level Entity Name         ; encoder_7Seg                                   ;
; Family                        ; Cyclone V                                      ;
; Logic utilization (in ALMs)   ; N/A until Partition Merge                      ;
; Total registers               ; N/A until Partition Merge                      ;
; Total pins                    ; N/A until Partition Merge                      ;
; Total virtual pins            ; N/A until Partition Merge                      ;
; Total block memory bits       ; N/A until Partition Merge                      ;
; Total PLLs                    ; N/A until Partition Merge                      ;
; Total DLLs                    ; N/A until Partition Merge                      ;
+-------------------------------+------------------------------------------------+


+------------------------------------------+
; Parallel Compilation                     ;
+----------------------------+-------------+
; Processors                 ; Number      ;
+----------------------------+-------------+
; Number detected on machine ; 4           ;
; Maximum allowed            ; 2           ;
;                            ;             ;
; Average used               ; 1.00        ;
; Maximum used               ; 1           ;
;                            ;             ;
; Usage by Processor         ; % Time Used ;
;     Processor 1            ; 100.0%      ;
+----------------------------+-------------+


+---------------------------------------------------------------------------------------------------------------------------+
; Analysis & Elaboration Settings                                                                                           ;
+---------------------------------------------------------------------------------+--------------------+--------------------+
; Option                                                                          ; Setting            ; Default Value      ;
+---------------------------------------------------------------------------------+--------------------+--------------------+
; Device                                                                          ; 5CSEMA5F31C6       ;                    ;
; Top-level entity name                                                           ; encoder_7Seg       ; TareaFunda         ;
; Family name                                                                     ; Cyclone V          ; Cyclone V          ;
; Use smart compilation                                                           ; Off                ; Off                ;
; Enable parallel Assembler and Timing Analyzer during compilation                ; On                 ; On                 ;
; Enable compact report table                                                     ; Off                ; Off                ;
; Restructure Multiplexers                                                        ; Auto               ; Auto               ;
; MLAB Add Timing Constraints For Mixed-Port Feed-Through Mode Setting Don't Care ; Off                ; Off                ;
; Create Debugging Nodes for IP Cores                                             ; Off                ; Off                ;
; Preserve fewer node names                                                       ; On                 ; On                 ;
; Intel FPGA IP Evaluation Mode                                                   ; Enable             ; Enable             ;
; Verilog Version                                                                 ; Verilog_2001       ; Verilog_2001       ;
; VHDL Version                                                                    ; VHDL_1993          ; VHDL_1993          ;
; State Machine Processing                                                        ; Auto               ; Auto               ;
; Safe State Machine                                                              ; Off                ; Off                ;
; Extract Verilog State Machines                                                  ; On                 ; On                 ;
; Extract VHDL State Machines                                                     ; On                 ; On                 ;
; Ignore Verilog initial constructs                                               ; Off                ; Off                ;
; Iteration limit for constant Verilog loops                                      ; 5000               ; 5000               ;
; Iteration limit for non-constant Verilog loops                                  ; 250                ; 250                ;
; Add Pass-Through Logic to Inferred RAMs                                         ; On                 ; On                 ;
; Infer RAMs from Raw Logic                                                       ; On                 ; On                 ;
; Parallel Synthesis                                                              ; On                 ; On                 ;
; DSP Block Balancing                                                             ; Auto               ; Auto               ;
; NOT Gate Push-Back                                                              ; On                 ; On                 ;
; Power-Up Don't Care                                                             ; On                 ; On                 ;
; Remove Redundant Logic Cells                                                    ; Off                ; Off                ;
; Remove Duplicate Registers                                                      ; On                 ; On                 ;
; Ignore CARRY Buffers                                                            ; Off                ; Off                ;
; Ignore CASCADE Buffers                                                          ; Off                ; Off                ;
; Ignore GLOBAL Buffers                                                           ; Off                ; Off                ;
; Ignore ROW GLOBAL Buffers                                                       ; Off                ; Off                ;
; Ignore LCELL Buffers                                                            ; Off                ; Off                ;
; Ignore SOFT Buffers                                                             ; On                 ; On                 ;
; Limit AHDL Integers to 32 Bits                                                  ; Off                ; Off                ;
; Optimization Technique                                                          ; Balanced           ; Balanced           ;
; Carry Chain Length                                                              ; 70                 ; 70                 ;
; Auto Carry Chains                                                               ; On                 ; On                 ;
; Auto Open-Drain Pins                                                            ; On                 ; On                 ;
; Perform WYSIWYG Primitive Resynthesis                                           ; Off                ; Off                ;
; Auto ROM Replacement                                                            ; On                 ; On                 ;
; Auto RAM Replacement                                                            ; On                 ; On                 ;
; Auto DSP Block Replacement                                                      ; On                 ; On                 ;
; Auto Shift Register Replacement                                                 ; Auto               ; Auto               ;
; Allow Shift Register Merging across Hierarchies                                 ; Auto               ; Auto               ;
; Auto Clock Enable Replacement                                                   ; On                 ; On                 ;
; Strict RAM Replacement                                                          ; Off                ; Off                ;
; Allow Synchronous Control Signals                                               ; On                 ; On                 ;
; Force Use of Synchronous Clear Signals                                          ; Off                ; Off                ;
; Auto Resource Sharing                                                           ; Off                ; Off                ;
; Allow Any RAM Size For Recognition                                              ; Off                ; Off                ;
; Allow Any ROM Size For Recognition                                              ; Off                ; Off                ;
; Allow Any Shift Register Size For Recognition                                   ; Off                ; Off                ;
; Use LogicLock Constraints during Resource Balancing                             ; On                 ; On                 ;
; Ignore translate_off and synthesis_off directives                               ; Off                ; Off                ;
; Timing-Driven Synthesis                                                         ; On                 ; On                 ;
; Report Parameter Settings                                                       ; On                 ; On                 ;
; Report Source Assignments                                                       ; On                 ; On                 ;
; Report Connectivity Checks                                                      ; On                 ; On                 ;
; Ignore Maximum Fan-Out Assignments                                              ; Off                ; Off                ;
; Synchronization Register Chain Length                                           ; 3                  ; 3                  ;
; Power Optimization During Synthesis                                             ; Normal compilation ; Normal compilation ;
; HDL message level                                                               ; Level2             ; Level2             ;
; Suppress Register Optimization Related Messages                                 ; Off                ; Off                ;
; Number of Removed Registers Reported in Synthesis Report                        ; 5000               ; 5000               ;
; Number of Swept Nodes Reported in Synthesis Report                              ; 5000               ; 5000               ;
; Number of Inverted Registers Reported in Synthesis Report                       ; 100                ; 100                ;
; Clock MUX Protection                                                            ; On                 ; On                 ;
; Auto Gated Clock Conversion                                                     ; Off                ; Off                ;
; Block Design Naming                                                             ; Auto               ; Auto               ;
; SDC constraint protection                                                       ; Off                ; Off                ;
; Synthesis Effort                                                                ; Auto               ; Auto               ;
; Shift Register Replacement - Allow Asynchronous Clear Signal                    ; On                 ; On                 ;
; Pre-Mapping Resynthesis Optimization                                            ; Off                ; Off                ;
; Analysis & Synthesis Message Level                                              ; Medium             ; Medium             ;
; Disable Register Merging Across Hierarchies                                     ; Auto               ; Auto               ;
; Resource Aware Inference For Block RAM                                          ; On                 ; On                 ;
; Automatic Parallel Synthesis                                                    ; On                 ; On                 ;
; Partial Reconfiguration Bitstream ID                                            ; Off                ; Off                ;
+---------------------------------------------------------------------------------+--------------------+--------------------+


+----------------------------------------------------------------------------------------------------------------+
; Port Connectivity Checks: "Segment_F:segment_F_inst|not_gate:not_B_inst"                                       ;
+------+--------+----------+-------------------------------------------------------------------------------------+
; Port ; Type   ; Severity ; Details                                                                             ;
+------+--------+----------+-------------------------------------------------------------------------------------+
; y    ; Output ; Info     ; Connected to dangling logic. Logic that only feeds a dangling port will be removed. ;
+------+--------+----------+-------------------------------------------------------------------------------------+


+----------------------------------------------------------------------------------------------------------------+
; Port Connectivity Checks: "Segment_E:segment_E_inst|not_gate:not_C_inst"                                       ;
+------+--------+----------+-------------------------------------------------------------------------------------+
; Port ; Type   ; Severity ; Details                                                                             ;
+------+--------+----------+-------------------------------------------------------------------------------------+
; y    ; Output ; Info     ; Connected to dangling logic. Logic that only feeds a dangling port will be removed. ;
+------+--------+----------+-------------------------------------------------------------------------------------+


+----------------------------------------------------------------------------------------------------------------+
; Port Connectivity Checks: "Segment_D:segment_D_inst|not_gate:not_B_inst"                                       ;
+------+--------+----------+-------------------------------------------------------------------------------------+
; Port ; Type   ; Severity ; Details                                                                             ;
+------+--------+----------+-------------------------------------------------------------------------------------+
; y    ; Output ; Info     ; Connected to dangling logic. Logic that only feeds a dangling port will be removed. ;
+------+--------+----------+-------------------------------------------------------------------------------------+


+----------------------------------------------------------------------------------------------------------------+
; Port Connectivity Checks: "Segment_C:segment_C_inst|not_gate:not_A_inst"                                       ;
+------+--------+----------+-------------------------------------------------------------------------------------+
; Port ; Type   ; Severity ; Details                                                                             ;
+------+--------+----------+-------------------------------------------------------------------------------------+
; y    ; Output ; Info     ; Connected to dangling logic. Logic that only feeds a dangling port will be removed. ;
+------+--------+----------+-------------------------------------------------------------------------------------+


+---------------------------------+
; Analysis & Elaboration Messages ;
+---------------------------------+
Info: *******************************************************************
Info: Running Quartus Prime Analysis & Elaboration
    Info: Version 22.1std.1 Build 917 02/14/2023 SC Lite Edition
    Info: Processing started: Sat Sep 30 19:24:48 2023
Info: Command: quartus_map --read_settings_files=on --write_settings_files=off TareaFunda -c TareaFunda --analysis_and_elaboration
Warning (18236): Number of processors has not been specified which may cause overloading on shared machines.  Set the global assignment NUM_PARALLEL_PROCESSORS in your QSF to an appropriate value for best performance.
Info (20030): Parallel compilation is enabled and will use 2 of the 2 processors detected
Info (12021): Found 5 design units, including 5 entities, in source file gates.sv
    Info (12023): Found entity 1: and2_gate File: C:/Users/ASUS/OneDrive - Estudiantes ITCR/Documentos/FundamentosACTemp/gates.sv Line: 1
    Info (12023): Found entity 2: and3_gate File: C:/Users/ASUS/OneDrive - Estudiantes ITCR/Documentos/FundamentosACTemp/gates.sv Line: 9
    Info (12023): Found entity 3: or2_gate File: C:/Users/ASUS/OneDrive - Estudiantes ITCR/Documentos/FundamentosACTemp/gates.sv Line: 18
    Info (12023): Found entity 4: or3_gate File: C:/Users/ASUS/OneDrive - Estudiantes ITCR/Documentos/FundamentosACTemp/gates.sv Line: 26
    Info (12023): Found entity 5: not_gate File: C:/Users/ASUS/OneDrive - Estudiantes ITCR/Documentos/FundamentosACTemp/gates.sv Line: 35
Info (12021): Found 1 design units, including 1 entities, in source file segment_a.sv
    Info (12023): Found entity 1: Segment_A File: C:/Users/ASUS/OneDrive - Estudiantes ITCR/Documentos/FundamentosACTemp/segment_A.sv Line: 1
Info (12021): Found 1 design units, including 1 entities, in source file segment_b.sv
    Info (12023): Found entity 1: Segment_B File: C:/Users/ASUS/OneDrive - Estudiantes ITCR/Documentos/FundamentosACTemp/segment_B.sv Line: 1
Info (12021): Found 1 design units, including 1 entities, in source file segment_c.sv
    Info (12023): Found entity 1: Segment_C File: C:/Users/ASUS/OneDrive - Estudiantes ITCR/Documentos/FundamentosACTemp/segment_C.sv Line: 1
Info (12021): Found 1 design units, including 1 entities, in source file segment_d.sv
    Info (12023): Found entity 1: Segment_D File: C:/Users/ASUS/OneDrive - Estudiantes ITCR/Documentos/FundamentosACTemp/segment_D.sv Line: 1
Info (12021): Found 1 design units, including 1 entities, in source file segment_e.sv
    Info (12023): Found entity 1: Segment_E File: C:/Users/ASUS/OneDrive - Estudiantes ITCR/Documentos/FundamentosACTemp/segment_E.sv Line: 1
Info (12021): Found 1 design units, including 1 entities, in source file segment_f.sv
    Info (12023): Found entity 1: Segment_F File: C:/Users/ASUS/OneDrive - Estudiantes ITCR/Documentos/FundamentosACTemp/segment_F.sv Line: 1
Info (12021): Found 1 design units, including 1 entities, in source file segment_g.sv
    Info (12023): Found entity 1: Segment_G File: C:/Users/ASUS/OneDrive - Estudiantes ITCR/Documentos/FundamentosACTemp/segment_G.sv Line: 1
Info (12021): Found 1 design units, including 1 entities, in source file encoder_7seg.sv
    Info (12023): Found entity 1: encoder_7Seg File: C:/Users/ASUS/OneDrive - Estudiantes ITCR/Documentos/FundamentosACTemp/encoder_7Seg.sv Line: 1
Info (12021): Found 1 design units, including 1 entities, in source file encoder_7seg_tb.sv
    Info (12023): Found entity 1: encoder_7Seg_TB File: C:/Users/ASUS/OneDrive - Estudiantes ITCR/Documentos/FundamentosACTemp/encoder_7Seg_TB.sv Line: 65
Info (12127): Elaborating entity "encoder_7Seg" for the top level hierarchy
Info (12128): Elaborating entity "Segment_A" for hierarchy "Segment_A:segment_A_inst" File: C:/Users/ASUS/OneDrive - Estudiantes ITCR/Documentos/FundamentosACTemp/encoder_7Seg.sv Line: 20
Info (12128): Elaborating entity "not_gate" for hierarchy "Segment_A:segment_A_inst|not_gate:not_A_inst" File: C:/Users/ASUS/OneDrive - Estudiantes ITCR/Documentos/FundamentosACTemp/segment_A.sv Line: 17
Info (12128): Elaborating entity "and2_gate" for hierarchy "Segment_A:segment_A_inst|and2_gate:and1_inst" File: C:/Users/ASUS/OneDrive - Estudiantes ITCR/Documentos/FundamentosACTemp/segment_A.sv Line: 36
Info (12128): Elaborating entity "or3_gate" for hierarchy "Segment_A:segment_A_inst|or3_gate:or_inst" File: C:/Users/ASUS/OneDrive - Estudiantes ITCR/Documentos/FundamentosACTemp/segment_A.sv Line: 56
Info (12128): Elaborating entity "Segment_B" for hierarchy "Segment_B:segment_B_inst" File: C:/Users/ASUS/OneDrive - Estudiantes ITCR/Documentos/FundamentosACTemp/encoder_7Seg.sv Line: 26
Info (12128): Elaborating entity "or2_gate" for hierarchy "Segment_B:segment_B_inst|or2_gate:or_inst" File: C:/Users/ASUS/OneDrive - Estudiantes ITCR/Documentos/FundamentosACTemp/segment_B.sv Line: 27
Info (12128): Elaborating entity "Segment_C" for hierarchy "Segment_C:segment_C_inst" File: C:/Users/ASUS/OneDrive - Estudiantes ITCR/Documentos/FundamentosACTemp/encoder_7Seg.sv Line: 33
Info (12128): Elaborating entity "Segment_D" for hierarchy "Segment_D:segment_D_inst" File: C:/Users/ASUS/OneDrive - Estudiantes ITCR/Documentos/FundamentosACTemp/encoder_7Seg.sv Line: 40
Info (12128): Elaborating entity "Segment_E" for hierarchy "Segment_E:segment_E_inst" File: C:/Users/ASUS/OneDrive - Estudiantes ITCR/Documentos/FundamentosACTemp/encoder_7Seg.sv Line: 47
Info (12128): Elaborating entity "and3_gate" for hierarchy "Segment_E:segment_E_inst|and3_gate:and1_inst" File: C:/Users/ASUS/OneDrive - Estudiantes ITCR/Documentos/FundamentosACTemp/segment_E.sv Line: 40
Info (12128): Elaborating entity "Segment_F" for hierarchy "Segment_F:segment_F_inst" File: C:/Users/ASUS/OneDrive - Estudiantes ITCR/Documentos/FundamentosACTemp/encoder_7Seg.sv Line: 54
Info (12128): Elaborating entity "Segment_G" for hierarchy "Segment_G:segment_G_inst" File: C:/Users/ASUS/OneDrive - Estudiantes ITCR/Documentos/FundamentosACTemp/encoder_7Seg.sv Line: 61
Info: Quartus Prime Analysis & Elaboration was successful. 0 errors, 1 warning
    Info: Peak virtual memory: 4787 megabytes
    Info: Processing ended: Sat Sep 30 19:24:57 2023
    Info: Elapsed time: 00:00:09
    Info: Total CPU time (on all processors): 00:00:12


